\BOOKMARK [1][-]{section.1}{Introduction}{}% 1
\BOOKMARK [2][-]{subsection.1.1}{Purpose}{section.1}% 2
\BOOKMARK [2][-]{subsection.1.2}{Intended audience and reading suggestions}{section.1}% 3
\BOOKMARK [1][-]{section.2}{Overall Description}{}% 4
\BOOKMARK [2][-]{subsection.2.1}{Product Perspective}{section.2}% 5
\BOOKMARK [2][-]{subsection.2.2}{Product Features}{section.2}% 6
\BOOKMARK [2][-]{subsection.2.3}{User classes}{section.2}% 7
\BOOKMARK [2][-]{subsection.2.4}{Operating Environment}{section.2}% 8
\BOOKMARK [3][-]{subsubsection.2.4.1}{Software Requirements}{subsection.2.4}% 9
\BOOKMARK [3][-]{subsubsection.2.4.2}{Hardware Requirements}{subsection.2.4}% 10
\BOOKMARK [2][-]{subsection.2.5}{System Requirements}{section.2}% 11
\BOOKMARK [1][-]{section.3}{System Features}{}% 12
\BOOKMARK [2][-]{subsection.3.1}{Document repository and management}{section.3}% 13
\BOOKMARK [3][-]{subsubsection.3.1.1}{ Description: }{subsection.3.1}% 14
\BOOKMARK [3][-]{subsubsection.3.1.2}{ Requirements:}{subsection.3.1}% 15
\BOOKMARK [3][-]{subsubsection.3.1.3}{Benefits:}{subsection.3.1}% 16
\BOOKMARK [2][-]{subsection.3.2}{Automatic Email Notification for users. }{section.3}% 17
\BOOKMARK [3][-]{subsubsection.3.2.1}{ Description: }{subsection.3.2}% 18
\BOOKMARK [3][-]{subsubsection.3.2.2}{ Requirements:}{subsection.3.2}% 19
\BOOKMARK [3][-]{subsubsection.3.2.3}{Benefits:}{subsection.3.2}% 20
\BOOKMARK [2][-]{subsection.3.3}{Bespoke views for each user class and Access permission management for each system view}{section.3}% 21
\BOOKMARK [3][-]{subsubsection.3.3.1}{ Description: }{subsection.3.3}% 22
\BOOKMARK [3][-]{subsubsection.3.3.2}{ Requirements:}{subsection.3.3}% 23
\BOOKMARK [3][-]{subsubsection.3.3.3}{Benefits:}{subsection.3.3}% 24
\BOOKMARK [2][-]{subsection.3.4}{Application minimum requirements description.}{section.3}% 25
\BOOKMARK [3][-]{subsubsection.3.4.1}{ Description: }{subsection.3.4}% 26
\BOOKMARK [3][-]{subsubsection.3.4.2}{ Requirements:}{subsection.3.4}% 27
\BOOKMARK [3][-]{subsubsection.3.4.3}{Benefits:}{subsection.3.4}% 28
\BOOKMARK [2][-]{subsection.3.5}{Application Summary}{section.3}% 29
\BOOKMARK [3][-]{subsubsection.3.5.1}{ Description: }{subsection.3.5}% 30
\BOOKMARK [3][-]{subsubsection.3.5.2}{ Requirements:}{subsection.3.5}% 31
\BOOKMARK [3][-]{subsubsection.3.5.3}{Benefits:}{subsection.3.5}% 32
