This is pdfTeX, Version 3.14159265-2.6-1.40.18 (MiKTeX 2.9.6600 64-bit) (preloaded format=pdflatex 2018.2.23)  5 OCT 2018 01:13
entering extended mode
**"./system architecture document.tex"
("system architecture document.tex"
LaTeX2e <2017-04-15>
Babel <3.17> and hyphenation patterns for 75 language(s) loaded.
("C:\Program Files\MiKTeX 2.9\tex\latex\base\article.cls"
Document Class: article 2014/09/29 v1.4h Standard LaTeX document class
("C:\Program Files\MiKTeX 2.9\tex\latex\base\size11.clo"
File: size11.clo 2014/09/29 v1.4h Standard LaTeX file (size option)
)
\c@part=\count79
\c@section=\count80
\c@subsection=\count81
\c@subsubsection=\count82
\c@paragraph=\count83
\c@subparagraph=\count84
\c@figure=\count85
\c@table=\count86
\abovecaptionskip=\skip41
\belowcaptionskip=\skip42
\bibindent=\dimen102
)
("C:\Program Files\MiKTeX 2.9\tex\latex\graphics\graphicx.sty"
Package: graphicx 2017/06/01 v1.1a Enhanced LaTeX Graphics (DPC,SPQR)

("C:\Program Files\MiKTeX 2.9\tex\latex\graphics\keyval.sty"
Package: keyval 2014/10/28 v1.15 key=value parser (DPC)
\KV@toks@=\toks14
)
("C:\Program Files\MiKTeX 2.9\tex\latex\graphics\graphics.sty"
Package: graphics 2017/06/25 v1.2c Standard LaTeX Graphics (DPC,SPQR)

("C:\Program Files\MiKTeX 2.9\tex\latex\graphics\trig.sty"
Package: trig 2016/01/03 v1.10 sin cos tan (DPC)
)
("C:\Program Files\MiKTeX 2.9\tex\latex\graphics-cfg\graphics.cfg"
File: graphics.cfg 2016/06/04 v1.11 sample graphics configuration
)
Package graphics Info: Driver file: pdftex.def on input line 99.

("C:\Program Files\MiKTeX 2.9\tex\latex\graphics-def\pdftex.def"
File: pdftex.def 2018/01/08 v1.0l Graphics/color driver for pdftex
))
\Gin@req@height=\dimen103
\Gin@req@width=\dimen104
)
("C:\Program Files\MiKTeX 2.9\tex\latex\float\float.sty"
Package: float 2001/11/08 v1.3d Float enhancements (AL)
\c@float@type=\count87
\float@exts=\toks15
\float@box=\box26
\@float@everytoks=\toks16
\@floatcapt=\box27
)
(C:\Users\User\AppData\Roaming\MiKTeX\2.9\tex\latex\caption\caption.sty
Package: caption 2018/05/01 v3.3-147 Customizing captions (AR)

(C:\Users\User\AppData\Roaming\MiKTeX\2.9\tex\latex\caption\caption3.sty
Package: caption3 2018/05/27 v1.8a caption3 kernel (AR)
Package caption3 Info: TeX engine: e-TeX on input line 64.
\captionmargin=\dimen105
\captionmargin@=\dimen106
\captionwidth=\dimen107
\caption@tempdima=\dimen108
\caption@indent=\dimen109
\caption@parindent=\dimen110
\caption@hangindent=\dimen111
)
\c@ContinuedFloat=\count88
Package caption Info: float package is loaded.
)
("system architecture document.aux" (epsf.aux))
\openout1 = `"system architecture document.aux"'.

LaTeX Font Info:    Checking defaults for OML/cmm/m/it on input line 5.
LaTeX Font Info:    ... okay on input line 5.
LaTeX Font Info:    Checking defaults for T1/cmr/m/n on input line 5.
LaTeX Font Info:    ... okay on input line 5.
LaTeX Font Info:    Checking defaults for OT1/cmr/m/n on input line 5.
LaTeX Font Info:    ... okay on input line 5.
LaTeX Font Info:    Checking defaults for OMS/cmsy/m/n on input line 5.
LaTeX Font Info:    ... okay on input line 5.
LaTeX Font Info:    Checking defaults for OMX/cmex/m/n on input line 5.
LaTeX Font Info:    ... okay on input line 5.
LaTeX Font Info:    Checking defaults for U/cmr/m/n on input line 5.
LaTeX Font Info:    ... okay on input line 5.

(C:\Users\User\AppData\Roaming\MiKTeX\2.9\tex\context\base\supp-pdf.mkii
[Loading MPS to PDF converter (version 2006.09.02).]
\scratchcounter=\count89
\scratchdimen=\dimen112
\scratchbox=\box28
\nofMPsegments=\count90
\nofMParguments=\count91
\everyMPshowfont=\toks17
\MPscratchCnt=\count92
\MPscratchDim=\dimen113
\MPnumerator=\count93
\makeMPintoPDFobject=\count94
\everyMPtoPDFconversion=\toks18
) ("C:\Program Files\MiKTeX 2.9\tex\latex\oberdiek\epstopdf-base.sty"
Package: epstopdf-base 2016/05/15 v2.6 Base part for package epstopdf

("C:\Program Files\MiKTeX 2.9\tex\generic\oberdiek\infwarerr.sty"
Package: infwarerr 2016/05/16 v1.4 Providing info/warning/error messages (HO)
)
("C:\Program Files\MiKTeX 2.9\tex\latex\oberdiek\grfext.sty"
Package: grfext 2016/05/16 v1.2 Manage graphics extensions (HO)

("C:\Program Files\MiKTeX 2.9\tex\generic\oberdiek\kvdefinekeys.sty"
Package: kvdefinekeys 2016/05/16 v1.4 Define keys (HO)

("C:\Program Files\MiKTeX 2.9\tex\generic\oberdiek\ltxcmds.sty"
Package: ltxcmds 2016/05/16 v1.23 LaTeX kernel commands for general use (HO)
)))
("C:\Program Files\MiKTeX 2.9\tex\latex\oberdiek\kvoptions.sty"
Package: kvoptions 2016/05/16 v3.12 Key value format for package options (HO)

("C:\Program Files\MiKTeX 2.9\tex\generic\oberdiek\kvsetkeys.sty"
Package: kvsetkeys 2016/05/16 v1.17 Key value parser (HO)

("C:\Program Files\MiKTeX 2.9\tex\generic\oberdiek\etexcmds.sty"
Package: etexcmds 2016/05/16 v1.6 Avoid name clashes with e-TeX commands (HO)

("C:\Program Files\MiKTeX 2.9\tex\generic\oberdiek\ifluatex.sty"
Package: ifluatex 2016/05/16 v1.4 Provides the ifluatex switch (HO)
Package ifluatex Info: LuaTeX not detected.
)
Package etexcmds Info: Could not find \expanded.
(etexcmds)             That can mean that you are not using pdfTeX 1.50 or
(etexcmds)             that some package has redefined \expanded.
(etexcmds)             In the latter case, load this package earlier.
)))
("C:\Program Files\MiKTeX 2.9\tex\generic\oberdiek\pdftexcmds.sty"
Package: pdftexcmds 2018/01/21 v0.26 Utility functions of pdfTeX for LuaTeX (HO
)

("C:\Program Files\MiKTeX 2.9\tex\generic\oberdiek\ifpdf.sty"
Package: ifpdf 2017/03/15 v3.2 Provides the ifpdf switch
)
Package pdftexcmds Info: LuaTeX not detected.
Package pdftexcmds Info: \pdf@primitive is available.
Package pdftexcmds Info: \pdf@ifprimitive is available.
Package pdftexcmds Info: \pdfdraftmode found.
)
Package epstopdf-base Info: Redefining graphics rule for `.eps' on input line 4
38.
Package grfext Info: Graphics extension search list:
(grfext)             [.pdf,.png,.jpg,.mps,.jpeg,.jbig2,.jb2,.PDF,.PNG,.JPG,.JPE
G,.JBIG2,.JB2,.eps]
(grfext)             \AppendGraphicsExtensions on input line 456.
)
Package caption Info: Begin \AtBeginDocument code.
Package caption Info: End \AtBeginDocument code.
\openout2 = `epsf.aux'.


(C:\Users\User\AppData\Roaming\MiKTeX\2.9\tex\generic\epsf\epsf.tex
This is `epsf.tex' v2.7.4 <14 February 2011>
\epsffilein=\read1
\epsfframemargin=\dimen114
\epsfframethickness=\dimen115
\epsfrsize=\dimen116
\epsftmp=\dimen117
\epsftsize=\dimen118
\epsfxsize=\dimen119
\epsfysize=\dimen120
\pspoints=\dimen121
)
LaTeX Font Info:    External font `cmex10' loaded for size
(Font)              <12> on input line 17.
LaTeX Font Info:    External font `cmex10' loaded for size
(Font)              <8> on input line 17.
LaTeX Font Info:    External font `cmex10' loaded for size
(Font)              <6> on input line 17.
 ("system architecture document.toc" [1



{C:/Users/User/AppData/Local/MiKTeX/2.9/pdftex/config/pdftex.map}]
LaTeX Font Info:    External font `cmex10' loaded for size
(Font)              <10.95> on input line 2.
)
\tf@toc=\write3
\openout3 = `"system architecture document.toc"'.

 [2] [3]
LaTeX Font Info:    Try loading font information for OMS+cmr on input line 45.

("C:\Program Files\MiKTeX 2.9\tex\latex\base\omscmr.fd"
File: omscmr.fd 2014/09/29 v2.5h Standard LaTeX font definitions
)
LaTeX Font Info:    Font shape `OMS/cmr/m/n' in size <10.95> not available
(Font)              Font shape `OMS/cmsy/m/n' tried instead on input line 45.
 [4] [5]
<Diagrams/ClassDiagram.jpg, id=23, 1278.7775pt x 825.0825pt>
File: Diagrams/ClassDiagram.jpg Graphic file (type jpg)
<use Diagrams/ClassDiagram.jpg>
Package pdftex.def Info: Diagrams/ClassDiagram.jpg  used on input line 119.
(pdftex.def)             Requested size: 360.00652pt x 232.2805pt.
 [6]
Overfull \vbox (10.32468pt too high) has occurred while \output is active []


[7 <./Diagrams/ClassDiagram.jpg>]
<Diagrams/HardwareArchitecture.jpeg, id=31, 758.835pt x 519.3804pt>
File: Diagrams/HardwareArchitecture.jpeg Graphic file (type jpg)
<use Diagrams/HardwareArchitecture.jpeg>
Package pdftex.def Info: Diagrams/HardwareArchitecture.jpeg  used on input line
 137.
(pdftex.def)             Requested size: 359.9988pt x 246.39917pt.
<"Diagrams/ActivityDiagramCreateApplication".png, id=32, 1100.11pt x 972.63374p
t>
File: "Diagrams/ActivityDiagramCreateApplication".png Graphic file (type png)
<use "Diagrams/ActivityDiagramCreateApplication".png>
Package pdftex.def Info: "Diagrams/ActivityDiagramCreateApplication".png  used 
on input line 153.
(pdftex.def)             Requested size: 359.9991pt x 318.28387pt.
<"Diagrams/ActivityDiagramUpdateApplication".png, id=34, 1162.3425pt x 1218.552
5pt>
File: "Diagrams/ActivityDiagramUpdateApplication".png Graphic file (type png)
<use "Diagrams/ActivityDiagramUpdateApplication".png>
Package pdftex.def Info: "Diagrams/ActivityDiagramUpdateApplication".png  used 
on input line 157.
(pdftex.def)             Requested size: 360.0032pt x 377.41269pt.
 [8 <./Diagrams/HardwareArchitecture.jpeg>]
[9 <./Diagrams/ActivityDiagramCreateApplication.png>]
<"Diagrams/Loginscreen".png, id=42, 1011.78pt x 581.92406pt>
File: "Diagrams/Loginscreen".png Graphic file (type png)
<use "Diagrams/Loginscreen".png>
Package pdftex.def Info: "Diagrams/Loginscreen".png  used on input line 165.
(pdftex.def)             Requested size: 359.99493pt x 207.05066pt.
 [10 <./Diagrams/ActivityDiagramUpdateApplication.png>]
<"Diagrams/PGOHomePage".png, id=47, 979.40906pt x 483.30562pt>
File: "Diagrams/PGOHomePage".png Graphic file (type png)
<use "Diagrams/PGOHomePage".png>
Package pdftex.def Info: "Diagrams/PGOHomePage".png  used on input line 170.
(pdftex.def)             Requested size: 359.9995pt x 177.6477pt.
<"Diagrams/CreateApplication".png, id=48, 975.645pt x 478.78876pt>
File: "Diagrams/CreateApplication".png Graphic file (type png)
<use "Diagrams/CreateApplication".png>
Package pdftex.def Info: "Diagrams/CreateApplication".png  used on input line 1
75.
(pdftex.def)             Requested size: 360.00044pt x 176.66689pt.
 [11 <./Diagrams/Loginscreen.png> <./Diagrams/PGOHomePage.png>]
<"Diagrams/PGOViewApplications".png, id=54, 977.15062pt x 492.33937pt>
File: "Diagrams/PGOViewApplications".png Graphic file (type png)
<use "Diagrams/PGOViewApplications".png>
Package pdftex.def Info: "Diagrams/PGOViewApplications".png  used on input line
 182.
(pdftex.def)             Requested size: 360.00433pt x 181.38892pt.
<"Diagrams/PGOViewApplication".png, id=55, 967.36406pt x 499.11469pt>
File: "Diagrams/PGOViewApplication".png Graphic file (type png)
<use "Diagrams/PGOViewApplication".png>
Package pdftex.def Info: "Diagrams/PGOViewApplication".png  used on input line 
186.
(pdftex.def)             Requested size: 360.00037pt x 185.74336pt.
<"Diagrams/PGOCompletedApplications".png, id=56, 967.36406pt x 486.31688pt>
File: "Diagrams/PGOCompletedApplications".png Graphic file (type png)
<use "Diagrams/PGOCompletedApplications".png>
Package pdftex.def Info: "Diagrams/PGOCompletedApplications".png  used on input
 line 190.
(pdftex.def)             Requested size: 360.00037pt x 180.98073pt.
 [12 <./Diagrams/CreateApplication.png> <./Diagrams/PGOViewApplications.png>]
<"Diagrams/SupervisorHomePage".png, id=62, 970.3753pt x 441.14813pt>
File: "Diagrams/SupervisorHomePage".png Graphic file (type png)
<use "Diagrams/SupervisorHomePage".png>
Package pdftex.def Info: "Diagrams/SupervisorHomePage".png  used on input line 
196.
(pdftex.def)             Requested size: 360.01048pt x 163.66652pt.
 [13 <./Diagrams/PGOViewApplication.png> <./Diagrams/PGOCompletedApplications.p
ng>]
<"Diagrams/SupervisorViewApplications".png, id=69, 975.645pt x 441.90094pt>
File: "Diagrams/SupervisorViewApplications".png Graphic file (type png)
<use "Diagrams/SupervisorViewApplications".png>
Package pdftex.def Info: "Diagrams/SupervisorViewApplications".png  used on inp
ut line 201.
(pdftex.def)             Requested size: 360.00044pt x 163.05576pt.
<"Diagrams/SupervisorViewApplication".png, id=70, 954.56625pt x 494.59781pt>
File: "Diagrams/SupervisorViewApplication".png Graphic file (type png)
<use "Diagrams/SupervisorViewApplication".png>
Package pdftex.def Info: "Diagrams/SupervisorViewApplication".png  used on inpu
t line 205.
(pdftex.def)             Requested size: 359.98607pt x 186.52274pt.
 [14 <./Diagrams/SupervisorHomePage.png> <./Diagrams/SupervisorViewApplications
.png>]
<"Diagrams/PGCHomePage".png, id=76, 963.6pt x 490.83376pt>
File: "Diagrams/PGCHomePage".png Graphic file (type png)
<use "Diagrams/PGCHomePage".png>
Package pdftex.def Info: "Diagrams/PGCHomePage".png  used on input line 210.
(pdftex.def)             Requested size: 359.99641pt x 183.37317pt.
<"Diagrams/PGCViewApplications".png, id=77, 972.63374pt x 497.60907pt>
File: "Diagrams/PGCViewApplications".png Graphic file (type png)
<use "Diagrams/PGCViewApplications".png>
Package pdftex.def Info: "Diagrams/PGCViewApplications".png  used on input line
 215.
(pdftex.def)             Requested size: 359.98758pt x 184.1732pt.
<"Diagrams/PGCViewApplication".png, id=78, 952.30782pt x 496.10344pt>
File: "Diagrams/PGCViewApplication".png Graphic file (type png)
<use "Diagrams/PGCViewApplication".png>
Package pdftex.def Info: "Diagrams/PGCViewApplication".png  used on input line 
219.
(pdftex.def)             Requested size: 360.00623pt x 187.54474pt.
 [15 <./Diagrams/SupervisorViewApplication.png> <./Diagrams/PGCHomePage.png>]
<"Diagrams/PGASEntityRelationshipDiagram".png, id=84, 789.95125pt x 696.6025pt>

File: "Diagrams/PGASEntityRelationshipDiagram".png Graphic file (type png)
<use "Diagrams/PGASEntityRelationshipDiagram".png>
Package pdftex.def Info: "Diagrams/PGASEntityRelationshipDiagram".png  used on 
input line 226.
(pdftex.def)             Requested size: 359.9949pt x 317.45421pt.

Overfull \hbox (15.76797pt too wide) in paragraph at lines 224--228
\OT1/cmr/m/n/10.95 This sec-tion con-tains the Entity-Relationship Di-a-gram fo
r the Sys-tem Database: 
 []

[16 <./Diagrams/PGCViewApplications.png> <./Diagrams/PGCViewApplication.png>]
[17 <./Diagrams/PGASEntityRelationshipDiagram.png>] [18]
("system architecture document.aux" (epsf.aux)) ) 
Here is how much of TeX's memory you used:
 2773 strings out of 493303
 46218 string characters out of 3138859
 100994 words of memory out of 3000000
 6291 multiletter control sequences out of 15000+200000
 9465 words of font info for 33 fonts, out of 3000000 for 9000
 1141 hyphenation exceptions out of 8191
 41i,9n,39p,856b,264s stack positions out of 5000i,500n,10000p,200000b,50000s
<C:/Program Files/MiKTeX 2.9/f
onts/type1/public/amsfonts/cm/cmbx10.pfb><C:/Program Files/MiKTeX 2.9/fonts/typ
e1/public/amsfonts/cm/cmbx12.pfb><C:/Program Files/MiKTeX 2.9/fonts/type1/publi
c/amsfonts/cm/cmr10.pfb><C:/Program Files/MiKTeX 2.9/fonts/type1/public/amsfont
s/cm/cmr12.pfb><C:/Program Files/MiKTeX 2.9/fonts/type1/public/amsfonts/cm/cmsy
10.pfb><C:/Program Files/MiKTeX 2.9/fonts/type1/public/amsfonts/cm/cmti12.pfb>
Output written on "system architecture document.pdf" (18 pages, 1825997 bytes).

PDF statistics:
 117 PDF objects out of 1000 (max. 8388607)
 0 named destinations out of 1000 (max. 500000)
 86 words of extra memory for PDF output out of 10000 (max. 10000000)

