\BOOKMARK [1][-]{section.1}{Introduction}{}% 1
\BOOKMARK [2][-]{subsection.1.1}{Purpose}{section.1}% 2
\BOOKMARK [2][-]{subsection.1.2}{Scope}{section.1}% 3
\BOOKMARK [2][-]{subsection.1.3}{Overview}{section.1}% 4
\BOOKMARK [1][-]{section.2}{Architectural Goals and Constraints}{}% 5
\BOOKMARK [1][-]{section.3}{Architectural Representation}{}% 6
\BOOKMARK [2][-]{subsection.3.1}{Architectural Views}{section.3}% 7
\BOOKMARK [2][-]{subsection.3.2}{Architectural Design Patterns}{section.3}% 8
\BOOKMARK [1][-]{section.4}{Architectural View Decomposition}{}% 9
\BOOKMARK [2][-]{subsection.4.1}{Use-Case View}{section.4}% 10
\BOOKMARK [3][-]{subsubsection.4.1.1}{Use Case Narrative}{subsection.4.1}% 11
\BOOKMARK [2][-]{subsection.4.2}{Design View}{section.4}% 12
\BOOKMARK [3][-]{subsubsection.4.2.1}{Class Diagram}{subsection.4.2}% 13
\BOOKMARK [3][-]{subsubsection.4.2.2}{Hardware Architecture Diagram}{subsection.4.2}% 14
\BOOKMARK [2][-]{subsection.4.3}{Process View}{section.4}% 15
\BOOKMARK [3][-]{subsubsection.4.3.1}{Create Application}{subsection.4.3}% 16
\BOOKMARK [3][-]{subsubsection.4.3.2}{Update Application}{subsection.4.3}% 17
\BOOKMARK [2][-]{subsection.4.4}{Component View}{section.4}% 18
\BOOKMARK [3][-]{subsubsection.4.4.1}{Common User Screens}{subsection.4.4}% 19
\BOOKMARK [3][-]{subsubsection.4.4.2}{Post Graduate Officer}{subsection.4.4}% 20
\BOOKMARK [3][-]{subsubsection.4.4.3}{Supervisor}{subsection.4.4}% 21
\BOOKMARK [3][-]{subsubsection.4.4.4}{Post Graduate Coordinator}{subsection.4.4}% 22
\BOOKMARK [2][-]{subsection.4.5}{Database View}{section.4}% 23
\BOOKMARK [1][-]{section.5}{Performance and Unit Testing}{}% 24
\BOOKMARK [2][-]{subsection.5.1}{Performance Test Details and Results}{section.5}% 25
\BOOKMARK [2][-]{subsection.5.2}{Unit Testing}{section.5}% 26
